#! /c/Source/iverilog-install/bin/vvp
:ivl_version "12.0 (devel)" "(s20150603-1110-g18392a46)";
:ivl_delay_selection "TYPICAL";
:vpi_time_precision - 9;
:vpi_module "C:\iverilog\lib\ivl\system.vpi";
:vpi_module "C:\iverilog\lib\ivl\vhdl_sys.vpi";
:vpi_module "C:\iverilog\lib\ivl\vhdl_textio.vpi";
:vpi_module "C:\iverilog\lib\ivl\v2005_math.vpi";
:vpi_module "C:\iverilog\lib\ivl\va_math.vpi";
S_00000269fd685840 .scope module, "mux4_tb" "mux4_tb" 2 3;
 .timescale -9 -9;
v00000269fd6dcd90_0 .var "a", 0 0;
v00000269fd6dc6b0_0 .var "b", 0 0;
v00000269fd6dc9d0_0 .var "c", 0 0;
v00000269fd6dce30_0 .var "d", 0 0;
v00000269fd6dc110_0 .var "e", 0 0;
v00000269fd6de980_0 .var "f", 0 0;
v00000269fd6dec00_0 .net "y", 0 0, L_00000269fd6dff70;  1 drivers
S_00000269fd696a60 .scope module, "uut" "mux4" 2 6, 3 1 0, S_00000269fd685840;
 .timescale -9 -9;
    .port_info 0 /INPUT 1 "a";
    .port_info 1 /INPUT 1 "b";
    .port_info 2 /INPUT 1 "c";
    .port_info 3 /INPUT 1 "d";
    .port_info 4 /INPUT 1 "e";
    .port_info 5 /INPUT 1 "f";
    .port_info 6 /OUTPUT 1 "y";
L_00000269fd80a280 .functor NOT 1, v00000269fd6dcd90_0, C4<0>, C4<0>, C4<0>;
L_00000269fd80a520 .functor AND 1, v00000269fd6dc9d0_0, L_00000269fd80a280, C4<1>, C4<1>;
L_00000269fd80a600 .functor NOT 1, v00000269fd6dc6b0_0, C4<0>, C4<0>, C4<0>;
L_00000269fd80a750 .functor AND 1, L_00000269fd80a520, L_00000269fd80a600, C4<1>, C4<1>;
L_00000269fd80a7c0 .functor NOT 1, v00000269fd6dcd90_0, C4<0>, C4<0>, C4<0>;
L_00000269fd80a830 .functor AND 1, v00000269fd6dce30_0, L_00000269fd80a7c0, C4<1>, C4<1>;
L_00000269fd80a590 .functor AND 1, L_00000269fd80a830, v00000269fd6dc6b0_0, C4<1>, C4<1>;
L_00000269fd80a8a0 .functor OR 1, L_00000269fd80a750, L_00000269fd80a590, C4<0>, C4<0>;
L_00000269fd80a210 .functor AND 1, v00000269fd6dc110_0, v00000269fd6dcd90_0, C4<1>, C4<1>;
L_00000269fd80a2f0 .functor NOT 1, v00000269fd6dc6b0_0, C4<0>, C4<0>, C4<0>;
L_00000269fd80a360 .functor AND 1, L_00000269fd80a210, L_00000269fd80a2f0, C4<1>, C4<1>;
L_00000269fd80a3d0 .functor OR 1, L_00000269fd80a8a0, L_00000269fd80a360, C4<0>, C4<0>;
L_00000269fd6dff00 .functor AND 1, v00000269fd6de980_0, v00000269fd6dcd90_0, C4<1>, C4<1>;
L_00000269fd6dfbf0 .functor AND 1, L_00000269fd6dff00, v00000269fd6dc6b0_0, C4<1>, C4<1>;
L_00000269fd6dff70 .functor OR 1, L_00000269fd80a3d0, L_00000269fd6dfbf0, C4<0>, C4<0>;
v00000269fd696bf0_0 .net *"_ivl_0", 0 0, L_00000269fd80a280;  1 drivers
v00000269fd6dc250_0 .net *"_ivl_10", 0 0, L_00000269fd80a830;  1 drivers
v00000269fd6dc4d0_0 .net *"_ivl_12", 0 0, L_00000269fd80a590;  1 drivers
v00000269fd6dcc50_0 .net *"_ivl_14", 0 0, L_00000269fd80a8a0;  1 drivers
v00000269fd6dc750_0 .net *"_ivl_16", 0 0, L_00000269fd80a210;  1 drivers
v00000269fd6dc7f0_0 .net *"_ivl_18", 0 0, L_00000269fd80a2f0;  1 drivers
v00000269fd6dc570_0 .net *"_ivl_2", 0 0, L_00000269fd80a520;  1 drivers
v00000269fd6dc610_0 .net *"_ivl_20", 0 0, L_00000269fd80a360;  1 drivers
v00000269fd6dc1b0_0 .net *"_ivl_22", 0 0, L_00000269fd80a3d0;  1 drivers
v00000269fd6dcf70_0 .net *"_ivl_24", 0 0, L_00000269fd6dff00;  1 drivers
v00000269fd6dc2f0_0 .net *"_ivl_26", 0 0, L_00000269fd6dfbf0;  1 drivers
v00000269fd6dc890_0 .net *"_ivl_4", 0 0, L_00000269fd80a600;  1 drivers
v00000269fd6dca70_0 .net *"_ivl_6", 0 0, L_00000269fd80a750;  1 drivers
v00000269fd6dccf0_0 .net *"_ivl_8", 0 0, L_00000269fd80a7c0;  1 drivers
v00000269fd6dcb10_0 .net "a", 0 0, v00000269fd6dcd90_0;  1 drivers
v00000269fd6dc930_0 .net "b", 0 0, v00000269fd6dc6b0_0;  1 drivers
v00000269fd6dcbb0_0 .net "c", 0 0, v00000269fd6dc9d0_0;  1 drivers
v00000269fd6dced0_0 .net "d", 0 0, v00000269fd6dce30_0;  1 drivers
v00000269fd6dc070_0 .net "e", 0 0, v00000269fd6dc110_0;  1 drivers
v00000269fd6dc430_0 .net "f", 0 0, v00000269fd6de980_0;  1 drivers
v00000269fd6dc390_0 .net "y", 0 0, L_00000269fd6dff70;  alias, 1 drivers
    .scope S_00000269fd685840;
T_0 ;
    %pushi/vec4 0, 0, 6;
    %split/vec4 1;
    %store/vec4 v00000269fd6de980_0, 0, 1;
    %split/vec4 1;
    %store/vec4 v00000269fd6dc110_0, 0, 1;
    %split/vec4 1;
    %store/vec4 v00000269fd6dce30_0, 0, 1;
    %split/vec4 1;
    %store/vec4 v00000269fd6dc9d0_0, 0, 1;
    %split/vec4 1;
    %store/vec4 v00000269fd6dc6b0_0, 0, 1;
    %store/vec4 v00000269fd6dcd90_0, 0, 1;
    %delay 500, 0;
    %vpi_call 2 8 "$finish" {0 0 0};
    %end;
    .thread T_0;
    .scope S_00000269fd685840;
T_1 ;
    %delay 40, 0;
    %load/vec4 v00000269fd6dc9d0_0;
    %inv;
    %store/vec4 v00000269fd6dc9d0_0, 0, 1;
    %jmp T_1;
    .thread T_1;
    .scope S_00000269fd685840;
T_2 ;
    %delay 20, 0;
    %load/vec4 v00000269fd6dce30_0;
    %inv;
    %store/vec4 v00000269fd6dce30_0, 0, 1;
    %jmp T_2;
    .thread T_2;
    .scope S_00000269fd685840;
T_3 ;
    %delay 10, 0;
    %load/vec4 v00000269fd6dc110_0;
    %inv;
    %store/vec4 v00000269fd6dc110_0, 0, 1;
    %jmp T_3;
    .thread T_3;
    .scope S_00000269fd685840;
T_4 ;
    %delay 5, 0;
    %load/vec4 v00000269fd6de980_0;
    %inv;
    %store/vec4 v00000269fd6de980_0, 0, 1;
    %jmp T_4;
    .thread T_4;
    .scope S_00000269fd685840;
T_5 ;
    %delay 80, 0;
    %load/vec4 v00000269fd6dcd90_0;
    %inv;
    %store/vec4 v00000269fd6dcd90_0, 0, 1;
    %jmp T_5;
    .thread T_5;
    .scope S_00000269fd685840;
T_6 ;
    %delay 160, 0;
    %load/vec4 v00000269fd6dc6b0_0;
    %inv;
    %store/vec4 v00000269fd6dc6b0_0, 0, 1;
    %jmp T_6;
    .thread T_6;
# The file index is used to find the file name in the following table.
:file_names 4;
    "N/A";
    "<interactive>";
    "mux4_tb.v";
    "./mux4.v";
